<?xml version="1.0" encoding="UTF-8"?>
<!-- Generated by org.testng.reporters.JUnitXMLReporter -->
<testsuite hostname="UBAULAM05-35" name="Default test" tests="9" failures="0" timestamp="16 Aug 2017 00:19:26 GMT" time="0.08" errors="0">
  <testcase name="debeDividirCorrectamente" time="0.013" classname="co.edu.uelbosque.swii.calculadora.NewTest"/>
  <testcase name="debeMultiplicarCorrectamente" time="0.002" classname="co.edu.uelbosque.swii.calculadora.NewTest"/>
  <testcase name="debeRestarCorrectamente" time="0.008" classname="co.edu.uelbosque.swii.calculadora.NewTest"/>
  <testcase name="debeSumarCorrectamente" time="0.006" classname="co.edu.uelbosque.swii.calculadora.NewTest"/>
  <testcase name="laOperacionDivisionExiste" time="0.002" classname="co.edu.uelbosque.swii.calculadora.NewTest"/>
  <testcase name="laOperacionMultiplicacionExiste" time="0.001" classname="co.edu.uelbosque.swii.calculadora.NewTest"/>
  <testcase name="laOperacionRestaExiste" time="0.001" classname="co.edu.uelbosque.swii.calculadora.NewTest"/>
  <testcase name="laOperacionSumaExiste" time="0.003" classname="co.edu.uelbosque.swii.calculadora.NewTest"/>
  <testcase name="noDebeEncontrarLaOperacionPotencia" time="0.005" classname="co.edu.uelbosque.swii.calculadora.NewTest"/>
</testsuite> <!-- Default test -->
